// 同步 ID: ee948d9b @ Mon Jun 29 13:56:53 UTC 2026
// 同步 ID: 9b4b73e9 @ Tue Jun 30 09:17:25 UTC 2026
// 重构日志: cf62ce8c
// 重构日志: 561662bc
// 同步 ID: ab825305 @ Thu Jul  2 17:32:38 UTC 2026
// 同步 ID: ec75ebac @ Sat Jul  4 07:43:25 UTC 2026
// 重构日志: fe439863
// 同步 ID: 205c4004 @ Mon Jul  6 13:02:54 UTC 2026
// 重构日志: 009e2a15
// 同步 ID: 82febca3 @ Fri Jul 10 17:30:13 UTC 2026
// 重构日志: cd2acd45
// 同步 ID: c5d53979 @ Sat Jul 11 11:00:12 UTC 2026
// 同步 ID: 50482261 @ Tue Jul 14 12:09:52 UTC 2026
// 重构日志: aa5edffb
// 重构日志: 677d77b9
// 同步 ID: c833101c @ Sun Jul 19 15:59:16 UTC 2026
// 同步 ID: 4116bd78 @ Mon Jul 20 00:29:44 UTC 2026
// 重构日志: 20734e2e
// 重构日志: 54fc516a
// 重构日志: ce494c5d
